2026-03-19 14:20:00,864 - INFO - 📅 Período de verificación: 2019 - 2025
2026-03-19 14:20:00,864 - INFO - 🔍 Símbolos a verificar: 81
2026-03-19 14:20:04,780 - INFO - 🚀 Iniciando verificación de 81 símbolos para 7 años
2026-03-19 14:20:04,780 - INFO - 📊 Total de verificaciones: 567
2026-03-19 14:20:15,293 - INFO - 📈 Progreso: 10/567 verificaciones completadas
2026-03-19 14:20:45,716 - INFO - 📈 Progreso: 20/567 verificaciones completadas
2026-03-19 14:21:24,636 - INFO - 📈 Progreso: 30/567 verificaciones completadas
2026-03-19 14:23:03,322 - INFO - 📈 Progreso: 40/567 verificaciones completadas
2026-03-19 14:24:00,098 - INFO - 📈 Progreso: 50/567 verificaciones completadas
2026-03-19 14:24:50,095 - INFO - 📈 Progreso: 60/567 verificaciones completadas
2026-03-19 14:25:22,922 - INFO - 📈 Progreso: 70/567 verificaciones completadas
2026-03-19 14:25:36,327 - INFO - 📈 Progreso: 80/567 verificaciones completadas
2026-03-19 14:25:45,451 - INFO - 📈 Progreso: 90/567 verificaciones completadas
2026-03-19 14:25:53,275 - INFO - 📈 Progreso: 100/567 verificaciones completadas
2026-03-19 14:26:01,157 - INFO - 📈 Progreso: 110/567 verificaciones completadas
2026-03-19 14:26:09,048 - INFO - 📈 Progreso: 120/567 verificaciones completadas
2026-03-19 14:26:16,601 - INFO - 📈 Progreso: 130/567 verificaciones completadas
2026-03-19 14:26:25,624 - INFO - 📈 Progreso: 140/567 verificaciones completadas
2026-03-19 14:26:34,742 - INFO - 📈 Progreso: 150/567 verificaciones completadas
2026-03-19 14:26:42,390 - INFO - 📈 Progreso: 160/567 verificaciones completadas
2026-03-19 14:26:50,007 - INFO - 📈 Progreso: 170/567 verificaciones completadas
2026-03-19 14:26:57,600 - INFO - 📈 Progreso: 180/567 verificaciones completadas
2026-03-19 14:27:05,602 - INFO - 📈 Progreso: 190/567 verificaciones completadas
2026-03-19 14:27:12,546 - INFO - 📈 Progreso: 200/567 verificaciones completadas
2026-03-19 14:27:21,203 - INFO - 📈 Progreso: 210/567 verificaciones completadas
2026-03-19 14:27:30,343 - INFO - 📈 Progreso: 220/567 verificaciones completadas
2026-03-19 14:27:38,462 - INFO - 📈 Progreso: 230/567 verificaciones completadas
2026-03-19 14:27:47,004 - INFO - 📈 Progreso: 240/567 verificaciones completadas
2026-03-19 14:27:54,705 - INFO - 📈 Progreso: 250/567 verificaciones completadas
2026-03-19 14:28:01,246 - INFO - 📈 Progreso: 260/567 verificaciones completadas
2026-03-19 14:28:25,690 - INFO - 📈 Progreso: 270/567 verificaciones completadas
2026-03-19 14:29:07,913 - INFO - 📈 Progreso: 280/567 verificaciones completadas
2026-03-19 14:29:46,961 - INFO - 📈 Progreso: 290/567 verificaciones completadas
2026-03-19 14:30:32,812 - INFO - 📈 Progreso: 300/567 verificaciones completadas
2026-03-19 14:31:08,339 - INFO - 📈 Progreso: 310/567 verificaciones completadas
2026-03-19 14:31:55,242 - INFO - 📈 Progreso: 320/567 verificaciones completadas
2026-03-19 14:32:34,150 - INFO - 📈 Progreso: 330/567 verificaciones completadas
2026-03-19 14:33:19,073 - INFO - 📈 Progreso: 340/567 verificaciones completadas
2026-03-19 14:33:56,060 - INFO - 📈 Progreso: 350/567 verificaciones completadas
2026-03-19 14:34:35,745 - INFO - 📈 Progreso: 360/567 verificaciones completadas
2026-03-19 14:35:20,261 - INFO - 📈 Progreso: 370/567 verificaciones completadas
2026-03-19 14:36:01,200 - INFO - 📈 Progreso: 380/567 verificaciones completadas
2026-03-19 14:36:39,918 - INFO - 📈 Progreso: 390/567 verificaciones completadas
2026-03-19 14:37:22,712 - INFO - 📈 Progreso: 400/567 verificaciones completadas
2026-03-19 14:38:03,005 - INFO - 📈 Progreso: 410/567 verificaciones completadas
2026-03-19 14:38:46,166 - INFO - 📈 Progreso: 420/567 verificaciones completadas
2026-03-19 14:39:29,385 - INFO - 📈 Progreso: 430/567 verificaciones completadas
2026-03-19 14:40:03,572 - INFO - 📈 Progreso: 440/567 verificaciones completadas
2026-03-19 14:40:14,463 - INFO - 📈 Progreso: 450/567 verificaciones completadas
2026-03-19 14:40:23,176 - INFO - 📈 Progreso: 460/567 verificaciones completadas
2026-03-19 14:40:29,852 - INFO - 📈 Progreso: 470/567 verificaciones completadas
2026-03-19 14:40:38,626 - INFO - 📈 Progreso: 480/567 verificaciones completadas
2026-03-19 14:41:24,574 - INFO - 📈 Progreso: 490/567 verificaciones completadas
2026-03-19 14:42:03,952 - INFO - 📈 Progreso: 500/567 verificaciones completadas
2026-03-19 14:42:49,624 - INFO - 📈 Progreso: 510/567 verificaciones completadas
2026-03-19 14:43:28,870 - INFO - 📈 Progreso: 520/567 verificaciones completadas
2026-03-19 14:44:09,071 - INFO - 📈 Progreso: 530/567 verificaciones completadas
2026-03-19 14:44:55,127 - INFO - 📈 Progreso: 540/567 verificaciones completadas
2026-03-19 14:45:32,975 - INFO - 📈 Progreso: 550/567 verificaciones completadas
2026-03-19 14:46:15,642 - INFO - 📈 Progreso: 560/567 verificaciones completadas
2026-03-19 14:46:46,948 - INFO - 
⏱️ Tiempo total: 0:26:42.167706
2026-03-19 14:46:46,949 - INFO - 💾 Reporte guardado: dukascopy_data/dukascopy_symbols_complete.csv
2026-03-19 14:46:46,949 - INFO - 
✅ Símbolos con datos disponibles: 37/81
2026-03-19 14:46:46,950 - INFO - 💾 Reporte guardado: dukascopy_data/dukascopy_symbols_available.csv
2026-03-19 14:46:46,950 - INFO - 
🥇 Metales disponibles:
2026-03-19 14:46:46,952 - INFO - 💾 Reporte guardado: dukascopy_data/dukascopy_metals.csv
